2025-10-19 22:21:51,197 - __main__ - INFO - Attempting to load model from: src/models/saved_models/payment_predictor.joblib
2025-10-19 22:21:51,553 - __main__ - INFO - Model loaded successfully
2025-10-19 22:21:51,827 - __main__ - INFO - Attempting to load model from: src/models/saved_models/payment_predictor.joblib
2025-10-19 22:21:52,122 - __main__ - INFO - Model loaded successfully
2025-10-19 22:22:14,402 - __main__ - INFO - Attempting to load model from: src/models/saved_models/payment_predictor.joblib
2025-10-19 22:22:14,805 - __main__ - INFO - Model loaded successfully
2025-10-19 22:22:18,730 - __main__ - INFO - Attempting to load model from: src/models/saved_models/payment_predictor.joblib
2025-10-19 22:22:20,887 - __main__ - INFO - Model loaded successfully
2025-10-19 22:22:26,389 - __main__ - INFO - Attempting to load model from: src/models/saved_models/payment_predictor.joblib
2025-10-19 22:22:26,721 - __main__ - INFO - Model loaded successfully
2025-10-19 22:22:33,211 - __main__ - INFO - Attempting to load model from: src/models/saved_models/payment_predictor.joblib
2025-10-19 22:22:33,542 - __main__ - INFO - Model loaded successfully
2025-10-19 22:22:36,092 - __main__ - INFO - Attempting to load model from: src/models/saved_models/payment_predictor.joblib
2025-10-19 22:22:36,455 - __main__ - INFO - Model loaded successfully
2025-10-19 22:22:43,886 - __main__ - INFO - Attempting to load model from: src/models/saved_models/payment_predictor.joblib
2025-10-19 22:22:44,676 - __main__ - INFO - Model loaded successfully
2025-10-21 16:58:39,324 - __main__ - INFO - Attempting to load model from: src/models/saved_models/payment_predictor.joblib
2025-10-21 16:58:39,455 - __main__ - INFO - Model loaded successfully
2025-10-21 16:58:39,581 - __main__ - INFO - Attempting to load model from: src/models/saved_models/payment_predictor.joblib
2025-10-21 16:58:39,705 - __main__ - INFO - Model loaded successfully
2025-10-21 16:58:51,182 - __main__ - INFO - Attempting to load model from: src/models/saved_models/payment_predictor.joblib
2025-10-21 16:58:51,297 - __main__ - INFO - Model loaded successfully
2025-10-21 16:58:55,798 - __main__ - INFO - Attempting to load model from: src/models/saved_models/payment_predictor.joblib
2025-10-21 16:58:55,897 - __main__ - INFO - Model loaded successfully
2025-10-21 17:58:41,794 - tensorflow - WARNING - From C:\Users\yashd\AppData\Local\Programs\Python\Python313\Lib\site-packages\keras\src\backend\common\global_state.py:82: The name tf.reset_default_graph is deprecated. Please use tf.compat.v1.reset_default_graph instead.

2025-10-21 17:58:42,067 - py4j.clientserver - INFO - Closing down clientserver connection
2025-10-21 21:31:44,102 - tensorflow - WARNING - From C:\Users\yashd\AppData\Local\Programs\Python\Python313\Lib\site-packages\keras\src\backend\common\global_state.py:82: The name tf.reset_default_graph is deprecated. Please use tf.compat.v1.reset_default_graph instead.

2025-10-21 21:31:44,277 - py4j.clientserver - INFO - Closing down clientserver connection
2025-10-21 21:40:50,810 - py4j.clientserver - INFO - Closing down clientserver connection
2025-10-21 22:05:06,233 - tensorflow - WARNING - From C:\Users\yashd\Desktop\invoice payment\venv\Lib\site-packages\keras\src\backend\common\global_state.py:82: The name tf.reset_default_graph is deprecated. Please use tf.compat.v1.reset_default_graph instead.

2025-10-21 22:05:06,453 - py4j.clientserver - INFO - Closing down clientserver connection
2025-10-22 22:30:28,572 - tensorflow - WARNING - From C:\Users\yashd\Desktop\invoice payment\venv\Lib\site-packages\keras\src\backend\common\global_state.py:82: The name tf.reset_default_graph is deprecated. Please use tf.compat.v1.reset_default_graph instead.

2025-10-22 22:30:28,771 - py4j.clientserver - INFO - Closing down clientserver connection
2025-10-22 22:42:07,545 - py4j.clientserver - INFO - Closing down clientserver connection
2025-10-22 22:49:23,258 - tensorflow - WARNING - From C:\Users\yashd\Desktop\invoice payment\venv\Lib\site-packages\keras\src\backend\common\global_state.py:82: The name tf.reset_default_graph is deprecated. Please use tf.compat.v1.reset_default_graph instead.

2025-10-22 22:49:23,432 - py4j.clientserver - INFO - Closing down clientserver connection
2025-10-22 22:54:13,874 - py4j.clientserver - INFO - Closing down clientserver connection
2025-10-22 22:56:45,764 - tensorflow - WARNING - From C:\Users\yashd\Desktop\invoice payment\venv\Lib\site-packages\keras\src\backend\common\global_state.py:82: The name tf.reset_default_graph is deprecated. Please use tf.compat.v1.reset_default_graph instead.

2025-10-22 22:56:45,911 - py4j.clientserver - INFO - Closing down clientserver connection
2025-10-22 22:57:10,288 - py4j.clientserver - INFO - Closing down clientserver connection
2025-10-22 22:58:31,893 - py4j.clientserver - INFO - Closing down clientserver connection
2025-10-22 23:01:45,918 - py4j.clientserver - INFO - Closing down clientserver connection
2025-10-26 18:08:08,629 - WARNING - From C:\Users\yashd\Desktop\invoice payment\venv\Lib\site-packages\keras\src\backend\common\global_state.py:82: The name tf.reset_default_graph is deprecated. Please use tf.compat.v1.reset_default_graph instead.

2025-10-26 18:08:08,850 - INFO - Closing down clientserver connection
2025-10-26 18:08:56,912 - INFO - Closing down clientserver connection
2025-10-26 18:09:26,186 - WARNING - Model not trained, returning random predictions
2025-10-26 18:09:26,187 - ERROR - Batch processing error: cannot access local variable 'delay' where it is not associated with a value
2025-10-26 18:16:21,162 - WARNING - Model not trained, returning random predictions
2025-10-26 18:16:21,163 - ERROR - Batch processing error: cannot access local variable 'delay' where it is not associated with a value
2025-10-26 18:19:24,527 - INFO - Closing down clientserver connection
2025-10-26 18:20:15,821 - INFO - Closing down clientserver connection
2025-10-26 18:20:53,530 - INFO - Closing down clientserver connection
2025-10-26 18:33:23,752 - INFO - Closing down clientserver connection
2025-10-29 23:50:27,901 - tensorflow - WARNING - From C:\Users\yashd\AppData\Local\Programs\Python\Python313\Lib\site-packages\keras\src\backend\common\global_state.py:82: The name tf.reset_default_graph is deprecated. Please use tf.compat.v1.reset_default_graph instead.

2025-10-29 23:50:28,214 - py4j.clientserver - INFO - Closing down clientserver connection
2025-10-30 15:31:32,454 - tensorflow - WARNING - From C:\Users\yashd\AppData\Local\Programs\Python\Python313\Lib\site-packages\keras\src\backend\common\global_state.py:82: The name tf.reset_default_graph is deprecated. Please use tf.compat.v1.reset_default_graph instead.

2025-10-30 15:31:32,786 - py4j.clientserver - INFO - Closing down clientserver connection
2025-10-30 15:32:15,706 - deep_learning_predictor - WARNING - Model not trained, returning random predictions
